This file contains any messages produced by compilers while
running configure, to aid debugging if configure makes a mistake.

It was created by APPLgrid configure 1.6.27, which was
generated by GNU Autoconf 2.71.  Invocation command line was

  $ ./configure --build=x86_64-redhat-linux-gnu --host=x86_64-redhat-linux-gnu --program-prefix= --disable-dependency-tracking --prefix=/usr --exec-prefix=/usr --bindir=/usr/bin --sbindir=/usr/sbin --sysconfdir=/etc --datadir=/usr/share --includedir=/usr/include --libdir=/usr/lib64 --libexecdir=/usr/libexec --localstatedir=/var --sharedstatedir=/var/lib --mandir=/usr/share/man --infodir=/usr/share/info

## --------- ##
## Platform. ##
## --------- ##

hostname = fedora
uname -m = x86_64
uname -r = 6.0.18-200.fc36.x86_64
uname -s = Linux
uname -v = #1 SMP PREEMPT_DYNAMIC Sat Jan 7 17:08:48 UTC 2023

/usr/bin/uname -p = x86_64
/bin/uname -X     = unknown

/bin/arch              = x86_64
/usr/bin/arch -k       = unknown
/usr/convex/getsysinfo = unknown
/usr/bin/hostinfo      = unknown
/bin/machine           = unknown
/usr/bin/oslevel       = unknown
/bin/universe          = unknown

PATH: /usr/lib64/mpich/bin/
PATH: /home/andriish/.local/bin/
PATH: /home/andriish/bin/
PATH: /usr/local/bin/
PATH: /usr/local/sbin/
PATH: /usr/bin/
PATH: /usr/sbin/
PATH: /home/andriish/Projects/HEPrpms/
PATH: /usr/bin/
PATH: /home/andriish/Projects/HEPrpms/


## ----------- ##
## Core tests. ##
## ----------- ##

configure:2772: looking for aux files: config.guess config.sub ltmain.sh compile missing install-sh
configure:2785:  trying ./
configure:2814:   ./config.guess found
configure:2814:   ./config.sub found
configure:2814:   ./ltmain.sh found
configure:2814:   ./compile found
configure:2814:   ./missing found
configure:2796:   ./install-sh found
configure:2943: checking for a BSD-compatible install
configure:3016: result: /usr/bin/install -c
configure:3027: checking whether build environment is sane
configure:3082: result: yes
configure:3241: checking for a race-free mkdir -p
configure:3285: result: /usr/bin/mkdir -p
configure:3292: checking for gawk
configure:3313: found /usr/bin/gawk
configure:3324: result: gawk
configure:3335: checking whether make sets $(MAKE)
configure:3358: result: yes
configure:3388: checking whether make supports nested variables
configure:3406: result: yes
configure:3571: checking for x86_64-redhat-linux-gnu-gcc
configure:3603: result: gcc
configure:4001: checking for C compiler version
configure:4010: gcc --version >&5
gcc (GCC) 12.2.1 20221121 (Red Hat 12.2.1-4)
Copyright (C) 2022 Free Software Foundation, Inc.
This is free software; see the source for copying conditions.  There is NO
warranty; not even for MERCHANTABILITY or FITNESS FOR A PARTICULAR PURPOSE.

configure:4021: $? = 0
configure:4010: gcc -v >&5
Using built-in specs.
COLLECT_GCC=gcc
COLLECT_LTO_WRAPPER=/usr/libexec/gcc/x86_64-redhat-linux/12/lto-wrapper
OFFLOAD_TARGET_NAMES=nvptx-none
OFFLOAD_TARGET_DEFAULT=1
Target: x86_64-redhat-linux
Configured with: ../configure --enable-bootstrap --enable-languages=c,c++,fortran,objc,obj-c++,ada,go,d,lto --prefix=/usr --mandir=/usr/share/man --infodir=/usr/share/info --with-bugurl=http://bugzilla.redhat.com/bugzilla --enable-shared --enable-threads=posix --enable-checking=release --enable-multilib --with-system-zlib --enable-__cxa_atexit --disable-libunwind-exceptions --enable-gnu-unique-object --enable-linker-build-id --with-gcc-major-version-only --enable-libstdcxx-backtrace --with-linker-hash-style=gnu --enable-plugin --enable-initfini-array --with-isl=/builddir/build/BUILD/gcc-12.2.1-20221121/obj-x86_64-redhat-linux/isl-install --enable-offload-targets=nvptx-none --without-cuda-driver --enable-offload-defaulted --enable-gnu-indirect-function --enable-cet --with-tune=generic --with-arch_32=i686 --build=x86_64-redhat-linux --with-build-config=bootstrap-lto --enable-link-serialization=1
Thread model: posix
Supported LTO compression algorithms: zlib zstd
gcc version 12.2.1 20221121 (Red Hat 12.2.1-4) (GCC) 
... rest of stderr output deleted ...
configure:4021: $? = 0
configure:4010: gcc -V >&5
gcc: error: unrecognized command-line option '-V'
gcc: fatal error: no input files
compilation terminated.
configure:4021: $? = 1
configure:4010: gcc -qversion >&5
gcc: error: unrecognized command-line option '-qversion'; did you mean '--version'?
gcc: fatal error: no input files
compilation terminated.
configure:4021: $? = 1
configure:4010: gcc -version >&5
gcc: error: unrecognized command-line option '-version'
gcc: fatal error: no input files
compilation terminated.
configure:4021: $? = 1
configure:4041: checking whether the C compiler works
configure:4063: gcc -O2 -flto=auto -ffat-lto-objects -fexceptions -g -grecord-gcc-switches -pipe -Wall -Werror=format-security -Wp,-D_FORTIFY_SOURCE=2 -Wp,-D_GLIBCXX_ASSERTIONS -specs=/usr/lib/rpm/redhat/redhat-hardened-cc1 -fstack-protector-strong -specs=/usr/lib/rpm/redhat/redhat-annobin-cc1  -m64  -mtune=generic -fasynchronous-unwind-tables -fstack-clash-protection -fcf-protection  -Wl,-z,relro -Wl,--as-needed  -Wl,-z,now -specs=/usr/lib/rpm/redhat/redhat-hardened-ld -specs=/usr/lib/rpm/redhat/redhat-annobin-cc1  -Wl,--build-id=sha1 -Wl,-dT,/home/andriish/Projects/HEPrpms/applgrid/1.6.27/rpmbuild/BUILD/applgrid-1.6.27/.package_note-applgrid-1.6.27-3.fc36.x86_64.ld conftest.c  >&5
configure:4067: $? = 0
configure:4117: result: yes
configure:4120: checking for C compiler default output file name
configure:4122: result: a.out
configure:4128: checking for suffix of executables
configure:4135: gcc -o conftest -O2 -flto=auto -ffat-lto-objects -fexceptions -g -grecord-gcc-switches -pipe -Wall -Werror=format-security -Wp,-D_FORTIFY_SOURCE=2 -Wp,-D_GLIBCXX_ASSERTIONS -specs=/usr/lib/rpm/redhat/redhat-hardened-cc1 -fstack-protector-strong -specs=/usr/lib/rpm/redhat/redhat-annobin-cc1  -m64  -mtune=generic -fasynchronous-unwind-tables -fstack-clash-protection -fcf-protection  -Wl,-z,relro -Wl,--as-needed  -Wl,-z,now -specs=/usr/lib/rpm/redhat/redhat-hardened-ld -specs=/usr/lib/rpm/redhat/redhat-annobin-cc1  -Wl,--build-id=sha1 -Wl,-dT,/home/andriish/Projects/HEPrpms/applgrid/1.6.27/rpmbuild/BUILD/applgrid-1.6.27/.package_note-applgrid-1.6.27-3.fc36.x86_64.ld conftest.c  >&5
configure:4139: $? = 0
configure:4162: result: 
configure:4184: checking whether we are cross compiling
configure:4192: gcc -o conftest -O2 -flto=auto -ffat-lto-objects -fexceptions -g -grecord-gcc-switches -pipe -Wall -Werror=format-security -Wp,-D_FORTIFY_SOURCE=2 -Wp,-D_GLIBCXX_ASSERTIONS -specs=/usr/lib/rpm/redhat/redhat-hardened-cc1 -fstack-protector-strong -specs=/usr/lib/rpm/redhat/redhat-annobin-cc1  -m64  -mtune=generic -fasynchronous-unwind-tables -fstack-clash-protection -fcf-protection  -Wl,-z,relro -Wl,--as-needed  -Wl,-z,now -specs=/usr/lib/rpm/redhat/redhat-hardened-ld -specs=/usr/lib/rpm/redhat/redhat-annobin-cc1  -Wl,--build-id=sha1 -Wl,-dT,/home/andriish/Projects/HEPrpms/applgrid/1.6.27/rpmbuild/BUILD/applgrid-1.6.27/.package_note-applgrid-1.6.27-3.fc36.x86_64.ld conftest.c  >&5
configure:4196: $? = 0
configure:4203: ./conftest
configure:4207: $? = 0
configure:4222: result: no
configure:4227: checking for suffix of object files
configure:4250: gcc -c -O2 -flto=auto -ffat-lto-objects -fexceptions -g -grecord-gcc-switches -pipe -Wall -Werror=format-security -Wp,-D_FORTIFY_SOURCE=2 -Wp,-D_GLIBCXX_ASSERTIONS -specs=/usr/lib/rpm/redhat/redhat-hardened-cc1 -fstack-protector-strong -specs=/usr/lib/rpm/redhat/redhat-annobin-cc1  -m64  -mtune=generic -fasynchronous-unwind-tables -fstack-clash-protection -fcf-protection  conftest.c >&5
configure:4254: $? = 0
configure:4276: result: o
configure:4280: checking whether the compiler supports GNU C
configure:4300: gcc -c -O2 -flto=auto -ffat-lto-objects -fexceptions -g -grecord-gcc-switches -pipe -Wall -Werror=format-security -Wp,-D_FORTIFY_SOURCE=2 -Wp,-D_GLIBCXX_ASSERTIONS -specs=/usr/lib/rpm/redhat/redhat-hardened-cc1 -fstack-protector-strong -specs=/usr/lib/rpm/redhat/redhat-annobin-cc1  -m64  -mtune=generic -fasynchronous-unwind-tables -fstack-clash-protection -fcf-protection  conftest.c >&5
configure:4300: $? = 0
configure:4310: result: yes
configure:4321: checking whether gcc accepts -g
configure:4342: gcc -c -g  conftest.c >&5
configure:4342: $? = 0
configure:4386: result: yes
configure:4406: checking for gcc option to enable C11 features
configure:4421: gcc  -c -O2 -flto=auto -ffat-lto-objects -fexceptions -g -grecord-gcc-switches -pipe -Wall -Werror=format-security -Wp,-D_FORTIFY_SOURCE=2 -Wp,-D_GLIBCXX_ASSERTIONS -specs=/usr/lib/rpm/redhat/redhat-hardened-cc1 -fstack-protector-strong -specs=/usr/lib/rpm/redhat/redhat-annobin-cc1  -m64  -mtune=generic -fasynchronous-unwind-tables -fstack-clash-protection -fcf-protection  conftest.c >&5
configure:4421: $? = 0
configure:4439: result: none needed
configure:4555: checking whether gcc understands -c and -o together
configure:4578: gcc -c conftest.c -o conftest2.o
configure:4581: $? = 0
configure:4578: gcc -c conftest.c -o conftest2.o
configure:4581: $? = 0
configure:4593: result: yes
configure:4613: checking whether make supports the include directive
configure:4628: make -f confmf.GNU && cat confinc.out
this is the am__doit target
configure:4631: $? = 0
configure:4650: result: yes (GNU style)
configure:4676: checking dependency style of gcc
configure:4788: result: none
configure:4931: checking for C++ compiler version
configure:4940: g++ --version >&5
g++ (GCC) 12.2.1 20221121 (Red Hat 12.2.1-4)
Copyright (C) 2022 Free Software Foundation, Inc.
This is free software; see the source for copying conditions.  There is NO
warranty; not even for MERCHANTABILITY or FITNESS FOR A PARTICULAR PURPOSE.

configure:4951: $? = 0
configure:4940: g++ -v >&5
Using built-in specs.
COLLECT_GCC=g++
COLLECT_LTO_WRAPPER=/usr/libexec/gcc/x86_64-redhat-linux/12/lto-wrapper
OFFLOAD_TARGET_NAMES=nvptx-none
OFFLOAD_TARGET_DEFAULT=1
Target: x86_64-redhat-linux
Configured with: ../configure --enable-bootstrap --enable-languages=c,c++,fortran,objc,obj-c++,ada,go,d,lto --prefix=/usr --mandir=/usr/share/man --infodir=/usr/share/info --with-bugurl=http://bugzilla.redhat.com/bugzilla --enable-shared --enable-threads=posix --enable-checking=release --enable-multilib --with-system-zlib --enable-__cxa_atexit --disable-libunwind-exceptions --enable-gnu-unique-object --enable-linker-build-id --with-gcc-major-version-only --enable-libstdcxx-backtrace --with-linker-hash-style=gnu --enable-plugin --enable-initfini-array --with-isl=/builddir/build/BUILD/gcc-12.2.1-20221121/obj-x86_64-redhat-linux/isl-install --enable-offload-targets=nvptx-none --without-cuda-driver --enable-offload-defaulted --enable-gnu-indirect-function --enable-cet --with-tune=generic --with-arch_32=i686 --build=x86_64-redhat-linux --with-build-config=bootstrap-lto --enable-link-serialization=1
Thread model: posix
Supported LTO compression algorithms: zlib zstd
gcc version 12.2.1 20221121 (Red Hat 12.2.1-4) (GCC) 
... rest of stderr output deleted ...
configure:4951: $? = 0
configure:4940: g++ -V >&5
g++: error: unrecognized command-line option '-V'
g++: fatal error: no input files
compilation terminated.
configure:4951: $? = 1
configure:4940: g++ -qversion >&5
g++: error: unrecognized command-line option '-qversion'; did you mean '--version'?
g++: fatal error: no input files
compilation terminated.
configure:4951: $? = 1
configure:4955: checking whether the compiler supports GNU C++
configure:4975: g++ -c -O2 -flto=auto -ffat-lto-objects -fexceptions -g -grecord-gcc-switches -pipe -Wall -Werror=format-security -Wp,-D_FORTIFY_SOURCE=2 -Wp,-D_GLIBCXX_ASSERTIONS -specs=/usr/lib/rpm/redhat/redhat-hardened-cc1 -fstack-protector-strong -specs=/usr/lib/rpm/redhat/redhat-annobin-cc1  -m64  -mtune=generic -fasynchronous-unwind-tables -fstack-clash-protection -fcf-protection  conftest.cpp >&5
configure:4975: $? = 0
configure:4985: result: yes
configure:4996: checking whether g++ accepts -g
configure:5017: g++ -c -g  conftest.cpp >&5
configure:5017: $? = 0
configure:5061: result: yes
configure:5081: checking for g++ option to enable C++11 features
configure:5096: g++  -c -O2 -flto=auto -ffat-lto-objects -fexceptions -g -grecord-gcc-switches -pipe -Wall -Werror=format-security -Wp,-D_FORTIFY_SOURCE=2 -Wp,-D_GLIBCXX_ASSERTIONS -specs=/usr/lib/rpm/redhat/redhat-hardened-cc1 -fstack-protector-strong -specs=/usr/lib/rpm/redhat/redhat-annobin-cc1  -m64  -mtune=generic -fasynchronous-unwind-tables -fstack-clash-protection -fcf-protection  conftest.cpp >&5
conftest.cpp: In function 'int main(int, char**)':
conftest.cpp:134:8: warning: unused variable 'a1' [-Wunused-variable]
  134 |   auto a1 = 6538;
      |        ^~
conftest.cpp:141:16: warning: unused variable 'a4' [-Wunused-variable]
  141 |   decltype(a2) a4 = 34895.034;
      |                ^~
conftest.cpp:145:9: warning: unused variable 'sa' [-Wunused-variable]
  145 |   short sa[cxx11test::get_val()] = { 0 };
      |         ^~
conftest.cpp:149:23: warning: unused variable 'il' [-Wunused-variable]
  149 |   cxx11test::testinit il = { 4323, 435234.23544 };
      |                       ^~
conftest.cpp:170:8: warning: unused variable 'a' [-Wunused-variable]
  170 |   auto a = sum(1);
      |        ^
conftest.cpp:171:8: warning: unused variable 'b' [-Wunused-variable]
  171 |   auto b = sum(1, 2);
      |        ^
conftest.cpp:172:8: warning: unused variable 'c' [-Wunused-variable]
  172 |   auto c = sum(1.0, 2.0, 3.0);
      |        ^
conftest.cpp:177:25: warning: empty parentheses were disambiguated as a function declaration [-Wvexing-parse]
  177 |   cxx11test::delegate d2();
      |                         ^~
conftest.cpp:177:25: note: remove parentheses to default-initialize a variable
  177 |   cxx11test::delegate d2();
      |                         ^~
      |                         --
conftest.cpp:177:25: note: or replace parentheses with braces to value-initialize a variable
conftest.cpp:186:9: warning: unused variable 'c' [-Wunused-variable]
  186 |   char *c = nullptr;
      |         ^
conftest.cpp:194:15: warning: unused variable 'utf8' [-Wunused-variable]
  194 |   char const *utf8 = u8"UTF-8 string \u2500";
      |               ^~~~
conftest.cpp:195:19: warning: unused variable 'utf16' [-Wunused-variable]
  195 |   char16_t const *utf16 = u"UTF-8 string \u2500";
      |                   ^~~~~
conftest.cpp:196:19: warning: unused variable 'utf32' [-Wunused-variable]
  196 |   char32_t const *utf32 = U"UTF-32 string \u2500";
      |                   ^~~~~
configure:5096: $? = 0
configure:5114: result: none needed
configure:5180: checking dependency style of g++
configure:5292: result: none
configure:5339: checking build system type
configure:5354: result: x86_64-redhat-linux-gnu
configure:5374: checking host system type
configure:5388: result: x86_64-redhat-linux-gnu
configure:5429: checking how to print strings
configure:5456: result: printf
configure:5477: checking for a sed that does not truncate output
configure:5547: result: /usr/bin/sed
configure:5565: checking for grep that handles long lines and -e
configure:5629: result: /usr/bin/grep
configure:5634: checking for egrep
configure:5702: result: /usr/bin/grep -E
configure:5707: checking for fgrep
configure:5775: result: /usr/bin/grep -F
configure:5811: checking for ld used by gcc
configure:5879: result: /usr/bin/ld
configure:5886: checking if the linker (/usr/bin/ld) is GNU ld
configure:5902: result: yes
configure:5914: checking for BSD- or MS-compatible name lister (nm)
configure:5969: result: /usr/bin/nm -B
configure:6109: checking the name lister (/usr/bin/nm -B) interface
configure:6117: gcc -c -O2 -flto=auto -ffat-lto-objects -fexceptions -g -grecord-gcc-switches -pipe -Wall -Werror=format-security -Wp,-D_FORTIFY_SOURCE=2 -Wp,-D_GLIBCXX_ASSERTIONS -specs=/usr/lib/rpm/redhat/redhat-hardened-cc1 -fstack-protector-strong -specs=/usr/lib/rpm/redhat/redhat-annobin-cc1  -m64  -mtune=generic -fasynchronous-unwind-tables -fstack-clash-protection -fcf-protection  conftest.c >&5
configure:6120: /usr/bin/nm -B "conftest.o"
configure:6123: output
00000000 B some_variable
configure:6130: result: BSD nm
configure:6133: checking whether ln -s works
configure:6137: result: yes
configure:6145: checking the maximum length of command line arguments
configure:6277: result: 1572864
configure:6325: checking how to convert x86_64-redhat-linux-gnu file names to x86_64-redhat-linux-gnu format
configure:6366: result: func_convert_file_noop
configure:6373: checking how to convert x86_64-redhat-linux-gnu file names to toolchain format
configure:6394: result: func_convert_file_noop
configure:6401: checking for /usr/bin/ld option to reload object files
configure:6409: result: -r
configure:6443: checking for x86_64-redhat-linux-gnu-file
configure:6478: result: no
configure:6488: checking for file
configure:6509: found /usr/bin/file
configure:6520: result: file
configure:6551: checking for x86_64-redhat-linux-gnu-objdump
configure:6586: result: no
configure:6596: checking for objdump
configure:6617: found /usr/bin/objdump
configure:6628: result: objdump
configure:6660: checking how to recognize dependent libraries
configure:6861: result: pass_all
configure:6906: checking for x86_64-redhat-linux-gnu-dlltool
configure:6941: result: no
configure:6951: checking for dlltool
configure:6986: result: no
configure:7016: checking how to associate runtime and link libraries
configure:7044: result: printf %s\n
configure:7061: checking for x86_64-redhat-linux-gnu-ar
configure:7096: result: no
configure:7110: checking for ar
configure:7131: found /usr/bin/ar
configure:7142: result: ar
configure:7195: checking for archiver @FILE support
configure:7213: gcc -c -O2 -flto=auto -ffat-lto-objects -fexceptions -g -grecord-gcc-switches -pipe -Wall -Werror=format-security -Wp,-D_FORTIFY_SOURCE=2 -Wp,-D_GLIBCXX_ASSERTIONS -specs=/usr/lib/rpm/redhat/redhat-hardened-cc1 -fstack-protector-strong -specs=/usr/lib/rpm/redhat/redhat-annobin-cc1  -m64  -mtune=generic -fasynchronous-unwind-tables -fstack-clash-protection -fcf-protection  conftest.c >&5
configure:7213: $? = 0
configure:7217: ar cr libconftest.a @conftest.lst >&5
configure:7220: $? = 0
configure:7225: ar cr libconftest.a @conftest.lst >&5
ar: conftest.o: No such file or directory
configure:7228: $? = 1
configure:7240: result: @
configure:7258: checking for x86_64-redhat-linux-gnu-strip
configure:7293: result: no
configure:7303: checking for strip
configure:7324: found /usr/bin/strip
configure:7335: result: strip
configure:7367: checking for x86_64-redhat-linux-gnu-ranlib
configure:7402: result: no
configure:7412: checking for ranlib
configure:7433: found /usr/bin/ranlib
configure:7444: result: ranlib
configure:7546: checking command to parse /usr/bin/nm -B output from gcc object
configure:7700: gcc -c -O2 -flto=auto -ffat-lto-objects -fexceptions -g -grecord-gcc-switches -pipe -Wall -Werror=format-security -Wp,-D_FORTIFY_SOURCE=2 -Wp,-D_GLIBCXX_ASSERTIONS -specs=/usr/lib/rpm/redhat/redhat-hardened-cc1 -fstack-protector-strong -specs=/usr/lib/rpm/redhat/redhat-annobin-cc1  -m64  -mtune=generic -fasynchronous-unwind-tables -fstack-clash-protection -fcf-protection  conftest.c >&5
configure:7703: $? = 0
configure:7707: /usr/bin/nm -B conftest.o \| /usr/bin/sed -n -e 's/^.*[ ]\([ABCDGIRSTW][ABCDGIRSTW]*\)[ ][ ]*\([_A-Za-z][_A-Za-z0-9]*\)$/\1 \2 \2/p' | /usr/bin/sed '/ __gnu_lto/d' \> conftest.nm
configure:7710: $? = 0
configure:7776: gcc -o conftest -O2 -flto=auto -ffat-lto-objects -fexceptions -g -grecord-gcc-switches -pipe -Wall -Werror=format-security -Wp,-D_FORTIFY_SOURCE=2 -Wp,-D_GLIBCXX_ASSERTIONS -specs=/usr/lib/rpm/redhat/redhat-hardened-cc1 -fstack-protector-strong -specs=/usr/lib/rpm/redhat/redhat-annobin-cc1  -m64  -mtune=generic -fasynchronous-unwind-tables -fstack-clash-protection -fcf-protection  -Wl,-z,relro -Wl,--as-needed  -Wl,-z,now -specs=/usr/lib/rpm/redhat/redhat-hardened-ld -specs=/usr/lib/rpm/redhat/redhat-annobin-cc1  -Wl,--build-id=sha1 -Wl,-dT,/home/andriish/Projects/HEPrpms/applgrid/1.6.27/rpmbuild/BUILD/applgrid-1.6.27/.package_note-applgrid-1.6.27-3.fc36.x86_64.ld conftest.c conftstm.o >&5
configure:7779: $? = 0
configure:7817: result: ok
configure:7864: checking for sysroot
configure:7895: result: no
configure:7902: checking for a working dd
configure:7946: result: /usr/bin/dd
configure:7950: checking how to truncate binary pipes
configure:7966: result: /usr/bin/dd bs=4096 count=1
configure:8103: gcc -c -O2 -flto=auto -ffat-lto-objects -fexceptions -g -grecord-gcc-switches -pipe -Wall -Werror=format-security -Wp,-D_FORTIFY_SOURCE=2 -Wp,-D_GLIBCXX_ASSERTIONS -specs=/usr/lib/rpm/redhat/redhat-hardened-cc1 -fstack-protector-strong -specs=/usr/lib/rpm/redhat/redhat-annobin-cc1  -m64  -mtune=generic -fasynchronous-unwind-tables -fstack-clash-protection -fcf-protection  conftest.c >&5
configure:8106: $? = 0
configure:8258: checking for x86_64-redhat-linux-gnu-mt
configure:8293: result: no
configure:8303: checking for mt
configure:8338: result: no
configure:8358: checking if : is a manifest tool
configure:8365: : '-?'
configure:8373: result: no
configure:9098: checking for stdio.h
configure:9098: gcc -c -O2 -flto=auto -ffat-lto-objects -fexceptions -g -grecord-gcc-switches -pipe -Wall -Werror=format-security -Wp,-D_FORTIFY_SOURCE=2 -Wp,-D_GLIBCXX_ASSERTIONS -specs=/usr/lib/rpm/redhat/redhat-hardened-cc1 -fstack-protector-strong -specs=/usr/lib/rpm/redhat/redhat-annobin-cc1  -m64  -mtune=generic -fasynchronous-unwind-tables -fstack-clash-protection -fcf-protection  conftest.c >&5
configure:9098: $? = 0
configure:9098: result: yes
configure:9098: checking for stdlib.h
configure:9098: gcc -c -O2 -flto=auto -ffat-lto-objects -fexceptions -g -grecord-gcc-switches -pipe -Wall -Werror=format-security -Wp,-D_FORTIFY_SOURCE=2 -Wp,-D_GLIBCXX_ASSERTIONS -specs=/usr/lib/rpm/redhat/redhat-hardened-cc1 -fstack-protector-strong -specs=/usr/lib/rpm/redhat/redhat-annobin-cc1  -m64  -mtune=generic -fasynchronous-unwind-tables -fstack-clash-protection -fcf-protection  conftest.c >&5
configure:9098: $? = 0
configure:9098: result: yes
configure:9098: checking for string.h
configure:9098: gcc -c -O2 -flto=auto -ffat-lto-objects -fexceptions -g -grecord-gcc-switches -pipe -Wall -Werror=format-security -Wp,-D_FORTIFY_SOURCE=2 -Wp,-D_GLIBCXX_ASSERTIONS -specs=/usr/lib/rpm/redhat/redhat-hardened-cc1 -fstack-protector-strong -specs=/usr/lib/rpm/redhat/redhat-annobin-cc1  -m64  -mtune=generic -fasynchronous-unwind-tables -fstack-clash-protection -fcf-protection  conftest.c >&5
configure:9098: $? = 0
configure:9098: result: yes
configure:9098: checking for inttypes.h
configure:9098: gcc -c -O2 -flto=auto -ffat-lto-objects -fexceptions -g -grecord-gcc-switches -pipe -Wall -Werror=format-security -Wp,-D_FORTIFY_SOURCE=2 -Wp,-D_GLIBCXX_ASSERTIONS -specs=/usr/lib/rpm/redhat/redhat-hardened-cc1 -fstack-protector-strong -specs=/usr/lib/rpm/redhat/redhat-annobin-cc1  -m64  -mtune=generic -fasynchronous-unwind-tables -fstack-clash-protection -fcf-protection  conftest.c >&5
configure:9098: $? = 0
configure:9098: result: yes
configure:9098: checking for stdint.h
configure:9098: gcc -c -O2 -flto=auto -ffat-lto-objects -fexceptions -g -grecord-gcc-switches -pipe -Wall -Werror=format-security -Wp,-D_FORTIFY_SOURCE=2 -Wp,-D_GLIBCXX_ASSERTIONS -specs=/usr/lib/rpm/redhat/redhat-hardened-cc1 -fstack-protector-strong -specs=/usr/lib/rpm/redhat/redhat-annobin-cc1  -m64  -mtune=generic -fasynchronous-unwind-tables -fstack-clash-protection -fcf-protection  conftest.c >&5
configure:9098: $? = 0
configure:9098: result: yes
configure:9098: checking for strings.h
configure:9098: gcc -c -O2 -flto=auto -ffat-lto-objects -fexceptions -g -grecord-gcc-switches -pipe -Wall -Werror=format-security -Wp,-D_FORTIFY_SOURCE=2 -Wp,-D_GLIBCXX_ASSERTIONS -specs=/usr/lib/rpm/redhat/redhat-hardened-cc1 -fstack-protector-strong -specs=/usr/lib/rpm/redhat/redhat-annobin-cc1  -m64  -mtune=generic -fasynchronous-unwind-tables -fstack-clash-protection -fcf-protection  conftest.c >&5
configure:9098: $? = 0
configure:9098: result: yes
configure:9098: checking for sys/stat.h
configure:9098: gcc -c -O2 -flto=auto -ffat-lto-objects -fexceptions -g -grecord-gcc-switches -pipe -Wall -Werror=format-security -Wp,-D_FORTIFY_SOURCE=2 -Wp,-D_GLIBCXX_ASSERTIONS -specs=/usr/lib/rpm/redhat/redhat-hardened-cc1 -fstack-protector-strong -specs=/usr/lib/rpm/redhat/redhat-annobin-cc1  -m64  -mtune=generic -fasynchronous-unwind-tables -fstack-clash-protection -fcf-protection  conftest.c >&5
configure:9098: $? = 0
configure:9098: result: yes
configure:9098: checking for sys/types.h
configure:9098: gcc -c -O2 -flto=auto -ffat-lto-objects -fexceptions -g -grecord-gcc-switches -pipe -Wall -Werror=format-security -Wp,-D_FORTIFY_SOURCE=2 -Wp,-D_GLIBCXX_ASSERTIONS -specs=/usr/lib/rpm/redhat/redhat-hardened-cc1 -fstack-protector-strong -specs=/usr/lib/rpm/redhat/redhat-annobin-cc1  -m64  -mtune=generic -fasynchronous-unwind-tables -fstack-clash-protection -fcf-protection  conftest.c >&5
configure:9098: $? = 0
configure:9098: result: yes
configure:9098: checking for unistd.h
configure:9098: gcc -c -O2 -flto=auto -ffat-lto-objects -fexceptions -g -grecord-gcc-switches -pipe -Wall -Werror=format-security -Wp,-D_FORTIFY_SOURCE=2 -Wp,-D_GLIBCXX_ASSERTIONS -specs=/usr/lib/rpm/redhat/redhat-hardened-cc1 -fstack-protector-strong -specs=/usr/lib/rpm/redhat/redhat-annobin-cc1  -m64  -mtune=generic -fasynchronous-unwind-tables -fstack-clash-protection -fcf-protection  conftest.c >&5
configure:9098: $? = 0
configure:9098: result: yes
configure:9098: checking for utime.h
configure:9098: gcc -c -O2 -flto=auto -ffat-lto-objects -fexceptions -g -grecord-gcc-switches -pipe -Wall -Werror=format-security -Wp,-D_FORTIFY_SOURCE=2 -Wp,-D_GLIBCXX_ASSERTIONS -specs=/usr/lib/rpm/redhat/redhat-hardened-cc1 -fstack-protector-strong -specs=/usr/lib/rpm/redhat/redhat-annobin-cc1  -m64  -mtune=generic -fasynchronous-unwind-tables -fstack-clash-protection -fcf-protection  conftest.c >&5
configure:9098: $? = 0
configure:9098: result: yes
configure:9123: checking for dlfcn.h
configure:9123: gcc -c -O2 -flto=auto -ffat-lto-objects -fexceptions -g -grecord-gcc-switches -pipe -Wall -Werror=format-security -Wp,-D_FORTIFY_SOURCE=2 -Wp,-D_GLIBCXX_ASSERTIONS -specs=/usr/lib/rpm/redhat/redhat-hardened-cc1 -fstack-protector-strong -specs=/usr/lib/rpm/redhat/redhat-annobin-cc1  -m64  -mtune=generic -fasynchronous-unwind-tables -fstack-clash-protection -fcf-protection  conftest.c >&5
configure:9123: $? = 0
configure:9123: result: yes
configure:9393: checking for objdir
configure:9409: result: .libs
configure:9673: checking if gcc supports -fno-rtti -fno-exceptions
configure:9692: gcc -c -O2 -flto=auto -ffat-lto-objects -fexceptions -g -grecord-gcc-switches -pipe -Wall -Werror=format-security -Wp,-D_FORTIFY_SOURCE=2 -Wp,-D_GLIBCXX_ASSERTIONS -specs=/usr/lib/rpm/redhat/redhat-hardened-cc1 -fstack-protector-strong -specs=/usr/lib/rpm/redhat/redhat-annobin-cc1  -m64  -mtune=generic -fasynchronous-unwind-tables -fstack-clash-protection -fcf-protection  -fno-rtti -fno-exceptions conftest.c >&5
cc1: warning: command-line option '-fno-rtti' is valid for C++/D/ObjC++ but not for C
configure:9696: $? = 0
configure:9709: result: no
configure:10067: checking for gcc option to produce PIC
configure:10075: result: -fPIC -DPIC
configure:10083: checking if gcc PIC flag -fPIC -DPIC works
configure:10102: gcc -c -O2 -flto=auto -ffat-lto-objects -fexceptions -g -grecord-gcc-switches -pipe -Wall -Werror=format-security -Wp,-D_FORTIFY_SOURCE=2 -Wp,-D_GLIBCXX_ASSERTIONS -specs=/usr/lib/rpm/redhat/redhat-hardened-cc1 -fstack-protector-strong -specs=/usr/lib/rpm/redhat/redhat-annobin-cc1  -m64  -mtune=generic -fasynchronous-unwind-tables -fstack-clash-protection -fcf-protection  -fPIC -DPIC -DPIC conftest.c >&5
configure:10106: $? = 0
configure:10119: result: yes
configure:10148: checking if gcc static flag -static works
configure:10177: result: no
configure:10192: checking if gcc supports -c -o file.o
configure:10214: gcc -c -O2 -flto=auto -ffat-lto-objects -fexceptions -g -grecord-gcc-switches -pipe -Wall -Werror=format-security -Wp,-D_FORTIFY_SOURCE=2 -Wp,-D_GLIBCXX_ASSERTIONS -specs=/usr/lib/rpm/redhat/redhat-hardened-cc1 -fstack-protector-strong -specs=/usr/lib/rpm/redhat/redhat-annobin-cc1  -m64  -mtune=generic -fasynchronous-unwind-tables -fstack-clash-protection -fcf-protection  -o out/conftest2.o conftest.c >&5
configure:10218: $? = 0
configure:10240: result: yes
configure:10248: checking if gcc supports -c -o file.o
configure:10296: result: yes
configure:10329: checking whether the gcc linker (/usr/bin/ld -m elf_x86_64) supports shared libraries
configure:11597: result: yes
configure:11634: checking whether -lc should be explicitly linked in
configure:11643: gcc -c -O2 -flto=auto -ffat-lto-objects -fexceptions -g -grecord-gcc-switches -pipe -Wall -Werror=format-security -Wp,-D_FORTIFY_SOURCE=2 -Wp,-D_GLIBCXX_ASSERTIONS -specs=/usr/lib/rpm/redhat/redhat-hardened-cc1 -fstack-protector-strong -specs=/usr/lib/rpm/redhat/redhat-annobin-cc1  -m64  -mtune=generic -fasynchronous-unwind-tables -fstack-clash-protection -fcf-protection  conftest.c >&5
configure:11646: $? = 0
configure:11661: gcc -shared  -fPIC -DPIC conftest.o  -v -Wl,-soname -Wl,conftest -o conftest 2\>\&1 \| /usr/bin/grep  -lc  \>/dev/null 2\>\&1
configure:11664: $? = 0
configure:11678: result: no
configure:11838: checking dynamic linker characteristics
configure:12420: gcc -o conftest -O2 -flto=auto -ffat-lto-objects -fexceptions -g -grecord-gcc-switches -pipe -Wall -Werror=format-security -Wp,-D_FORTIFY_SOURCE=2 -Wp,-D_GLIBCXX_ASSERTIONS -specs=/usr/lib/rpm/redhat/redhat-hardened-cc1 -fstack-protector-strong -specs=/usr/lib/rpm/redhat/redhat-annobin-cc1  -m64  -mtune=generic -fasynchronous-unwind-tables -fstack-clash-protection -fcf-protection  -Wl,-z,relro -Wl,--as-needed  -Wl,-z,now -specs=/usr/lib/rpm/redhat/redhat-hardened-ld -specs=/usr/lib/rpm/redhat/redhat-annobin-cc1  -Wl,--build-id=sha1 -Wl,-dT,/home/andriish/Projects/HEPrpms/applgrid/1.6.27/rpmbuild/BUILD/applgrid-1.6.27/.package_note-applgrid-1.6.27-3.fc36.x86_64.ld -Wl,-rpath -Wl,/foo conftest.c  >&5
configure:12420: $? = 0
configure:12662: result: GNU/Linux ld.so
configure:12784: checking how to hardcode library paths into programs
configure:12809: result: immediate
configure:13361: checking whether stripping libraries is possible
configure:13370: result: yes
configure:13412: checking if libtool supports shared libraries
configure:13414: result: yes
configure:13417: checking whether to build shared libraries
configure:13442: result: yes
configure:13445: checking whether to build static libraries
configure:13449: result: yes
configure:13472: checking how to run the C++ preprocessor
configure:13494: g++ -E  conftest.cpp
configure:13494: $? = 0
configure:13509: g++ -E  conftest.cpp
conftest.cpp:24:10: fatal error: ac_nonexistent.h: No such file or directory
   24 | #include <ac_nonexistent.h>
      |          ^~~~~~~~~~~~~~~~~~
compilation terminated.
configure:13509: $? = 1
configure: failed program was:
| /* confdefs.h */
| #define PACKAGE_NAME "APPLgrid"
| #define PACKAGE_TARNAME "applgrid"
| #define PACKAGE_VERSION "1.6.27"
| #define PACKAGE_STRING "APPLgrid 1.6.27"
| #define PACKAGE_BUGREPORT "sutt@cern.ch"
| #define PACKAGE_URL "https://applgrid.hepforge.org"
| #define PACKAGE "applgrid"
| #define VERSION "1.6.27"
| #define HAVE_STDIO_H 1
| #define HAVE_STDLIB_H 1
| #define HAVE_STRING_H 1
| #define HAVE_INTTYPES_H 1
| #define HAVE_STDINT_H 1
| #define HAVE_STRINGS_H 1
| #define HAVE_SYS_STAT_H 1
| #define HAVE_SYS_TYPES_H 1
| #define HAVE_UNISTD_H 1
| #define HAVE_UTIME_H 1
| #define STDC_HEADERS 1
| #define HAVE_DLFCN_H 1
| #define LT_OBJDIR ".libs/"
| /* end confdefs.h.  */
| #include <ac_nonexistent.h>
configure:13536: result: g++ -E
configure:13550: g++ -E  conftest.cpp
configure:13550: $? = 0
configure:13565: g++ -E  conftest.cpp
conftest.cpp:24:10: fatal error: ac_nonexistent.h: No such file or directory
   24 | #include <ac_nonexistent.h>
      |          ^~~~~~~~~~~~~~~~~~
compilation terminated.
configure:13565: $? = 1
configure: failed program was:
| /* confdefs.h */
| #define PACKAGE_NAME "APPLgrid"
| #define PACKAGE_TARNAME "applgrid"
| #define PACKAGE_VERSION "1.6.27"
| #define PACKAGE_STRING "APPLgrid 1.6.27"
| #define PACKAGE_BUGREPORT "sutt@cern.ch"
| #define PACKAGE_URL "https://applgrid.hepforge.org"
| #define PACKAGE "applgrid"
| #define VERSION "1.6.27"
| #define HAVE_STDIO_H 1
| #define HAVE_STDLIB_H 1
| #define HAVE_STRING_H 1
| #define HAVE_INTTYPES_H 1
| #define HAVE_STDINT_H 1
| #define HAVE_STRINGS_H 1
| #define HAVE_SYS_STAT_H 1
| #define HAVE_SYS_TYPES_H 1
| #define HAVE_UNISTD_H 1
| #define HAVE_UTIME_H 1
| #define STDC_HEADERS 1
| #define HAVE_DLFCN_H 1
| #define LT_OBJDIR ".libs/"
| /* end confdefs.h.  */
| #include <ac_nonexistent.h>
configure:13730: checking for ld used by g++
configure:13798: result: /usr/bin/ld -m elf_x86_64
configure:13805: checking if the linker (/usr/bin/ld -m elf_x86_64) is GNU ld
configure:13821: result: yes
configure:13876: checking whether the g++ linker (/usr/bin/ld -m elf_x86_64) supports shared libraries
configure:14954: result: yes
configure:14990: g++ -c -O2 -flto=auto -ffat-lto-objects -fexceptions -g -grecord-gcc-switches -pipe -Wall -Werror=format-security -Wp,-D_FORTIFY_SOURCE=2 -Wp,-D_GLIBCXX_ASSERTIONS -specs=/usr/lib/rpm/redhat/redhat-hardened-cc1 -fstack-protector-strong -specs=/usr/lib/rpm/redhat/redhat-annobin-cc1  -m64  -mtune=generic -fasynchronous-unwind-tables -fstack-clash-protection -fcf-protection  conftest.cpp >&5
configure:14993: $? = 0
configure:15474: checking for g++ option to produce PIC
configure:15482: result: -fPIC -DPIC
configure:15490: checking if g++ PIC flag -fPIC -DPIC works
configure:15509: g++ -c -O2 -flto=auto -ffat-lto-objects -fexceptions -g -grecord-gcc-switches -pipe -Wall -Werror=format-security -Wp,-D_FORTIFY_SOURCE=2 -Wp,-D_GLIBCXX_ASSERTIONS -specs=/usr/lib/rpm/redhat/redhat-hardened-cc1 -fstack-protector-strong -specs=/usr/lib/rpm/redhat/redhat-annobin-cc1  -m64  -mtune=generic -fasynchronous-unwind-tables -fstack-clash-protection -fcf-protection  -fPIC -DPIC -DPIC conftest.cpp >&5
configure:15513: $? = 0
configure:15526: result: yes
configure:15549: checking if g++ static flag -static works
configure:15578: result: no
configure:15590: checking if g++ supports -c -o file.o
configure:15612: g++ -c -O2 -flto=auto -ffat-lto-objects -fexceptions -g -grecord-gcc-switches -pipe -Wall -Werror=format-security -Wp,-D_FORTIFY_SOURCE=2 -Wp,-D_GLIBCXX_ASSERTIONS -specs=/usr/lib/rpm/redhat/redhat-hardened-cc1 -fstack-protector-strong -specs=/usr/lib/rpm/redhat/redhat-annobin-cc1  -m64  -mtune=generic -fasynchronous-unwind-tables -fstack-clash-protection -fcf-protection  -o out/conftest2.o conftest.cpp >&5
configure:15616: $? = 0
configure:15638: result: yes
configure:15643: checking if g++ supports -c -o file.o
configure:15691: result: yes
configure:15721: checking whether the g++ linker (/usr/bin/ld -m elf_x86_64) supports shared libraries
configure:15761: result: yes
configure:15903: checking dynamic linker characteristics
configure:16654: result: GNU/Linux ld.so
configure:16719: checking how to hardcode library paths into programs
configure:16744: result: immediate
configure:16817: checking whether make supports nested variables
configure:16835: result: yes
configure:16849: checking for egrep
configure:16917: result: /usr/bin/grep -E
configure:16925: checking whether utime accepts a null argument
configure:16956: gcc -o conftest -O2 -flto=auto -ffat-lto-objects -fexceptions -g -grecord-gcc-switches -pipe -Wall -Werror=format-security -Wp,-D_FORTIFY_SOURCE=2 -Wp,-D_GLIBCXX_ASSERTIONS -specs=/usr/lib/rpm/redhat/redhat-hardened-cc1 -fstack-protector-strong -specs=/usr/lib/rpm/redhat/redhat-annobin-cc1  -m64  -mtune=generic -fasynchronous-unwind-tables -fstack-clash-protection -fcf-protection  -Wl,-z,relro -Wl,--as-needed  -Wl,-z,now -specs=/usr/lib/rpm/redhat/redhat-hardened-ld -specs=/usr/lib/rpm/redhat/redhat-annobin-cc1  -Wl,--build-id=sha1 -Wl,-dT,/home/andriish/Projects/HEPrpms/applgrid/1.6.27/rpmbuild/BUILD/applgrid-1.6.27/.package_note-applgrid-1.6.27-3.fc36.x86_64.ld conftest.c  >&5
configure:16956: $? = 0
configure:16956: ./conftest
configure:16956: $? = 0
configure:16967: result: yes
configure:16998: checking for library containing gzopen
configure:17028: gcc -o conftest  -I/opt/local/include -O2 -flto=auto -ffat-lto-objects -fexceptions -g -grecord-gcc-switches -pipe -Wall -Werror=format-security -Wp,-D_FORTIFY_SOURCE=2 -Wp,-D_GLIBCXX_ASSERTIONS -specs=/usr/lib/rpm/redhat/redhat-hardened-cc1 -fstack-protector-strong -specs=/usr/lib/rpm/redhat/redhat-annobin-cc1  -m64  -mtune=generic -fasynchronous-unwind-tables -fstack-clash-protection -fcf-protection    -L/opt/local/lib -Wl,-z,relro -Wl,--as-needed  -Wl,-z,now -specs=/usr/lib/rpm/redhat/redhat-hardened-ld -specs=/usr/lib/rpm/redhat/redhat-annobin-cc1  -Wl,--build-id=sha1 -Wl,-dT,/home/andriish/Projects/HEPrpms/applgrid/1.6.27/rpmbuild/BUILD/applgrid-1.6.27/.package_note-applgrid-1.6.27-3.fc36.x86_64.ld -lpthread  conftest.c  >&5
/usr/bin/ld: /tmp/ccqWhQgK.ltrans0.ltrans.o: in function `main':
/home/andriish/Projects/HEPrpms/applgrid/1.6.27/rpmbuild/BUILD/applgrid-1.6.27/conftest.c:33: undefined reference to `gzopen'
collect2: error: ld returned 1 exit status
configure:17028: $? = 1
configure: failed program was:
| /* confdefs.h */
| #define PACKAGE_NAME "APPLgrid"
| #define PACKAGE_TARNAME "applgrid"
| #define PACKAGE_VERSION "1.6.27"
| #define PACKAGE_STRING "APPLgrid 1.6.27"
| #define PACKAGE_BUGREPORT "sutt@cern.ch"
| #define PACKAGE_URL "https://applgrid.hepforge.org"
| #define PACKAGE "applgrid"
| #define VERSION "1.6.27"
| #define HAVE_STDIO_H 1
| #define HAVE_STDLIB_H 1
| #define HAVE_STRING_H 1
| #define HAVE_INTTYPES_H 1
| #define HAVE_STDINT_H 1
| #define HAVE_STRINGS_H 1
| #define HAVE_SYS_STAT_H 1
| #define HAVE_SYS_TYPES_H 1
| #define HAVE_UNISTD_H 1
| #define HAVE_UTIME_H 1
| #define STDC_HEADERS 1
| #define HAVE_DLFCN_H 1
| #define LT_OBJDIR ".libs/"
| #define HAVE_UTIME_NULL 1
| /* end confdefs.h.  */
| 
| /* Override any GCC internal prototype to avoid an error.
|    Use char because int might match the return type of a GCC
|    builtin and then its argument prototype would still apply.  */
| char gzopen ();
| int
| main (void)
| {
| return gzopen ();
|   ;
|   return 0;
| }
configure:17028: gcc -o conftest  -I/opt/local/include -O2 -flto=auto -ffat-lto-objects -fexceptions -g -grecord-gcc-switches -pipe -Wall -Werror=format-security -Wp,-D_FORTIFY_SOURCE=2 -Wp,-D_GLIBCXX_ASSERTIONS -specs=/usr/lib/rpm/redhat/redhat-hardened-cc1 -fstack-protector-strong -specs=/usr/lib/rpm/redhat/redhat-annobin-cc1  -m64  -mtune=generic -fasynchronous-unwind-tables -fstack-clash-protection -fcf-protection    -L/opt/local/lib -Wl,-z,relro -Wl,--as-needed  -Wl,-z,now -specs=/usr/lib/rpm/redhat/redhat-hardened-ld -specs=/usr/lib/rpm/redhat/redhat-annobin-cc1  -Wl,--build-id=sha1 -Wl,-dT,/home/andriish/Projects/HEPrpms/applgrid/1.6.27/rpmbuild/BUILD/applgrid-1.6.27/.package_note-applgrid-1.6.27-3.fc36.x86_64.ld -lpthread  conftest.c -lz   >&5
configure:17028: $? = 0
configure:17048: result: -lz
configure:17084: checking compile with root
configure:17086: result: yes
configure:17097: checking for root
configure:17120: found /usr/bin/root
configure:17133: result: /usr/bin/root
configure:17222: checking for hoppet-config
configure:17245: found /usr/bin/hoppet-config
configure:17258: result: /usr/bin/hoppet-config
configure:17304: Checking for gfortran library 
configure:17311: found libgfortran.so
configure:17366: checking for lhapdf-config
configure:17389: found /usr/bin/lhapdf-config
configure:17402: result: /usr/bin/lhapdf-config
configure:17550: checking that generated files are newer than configure
configure:17556: result: done
configure:17607: creating ./config.status

## ---------------------- ##
## Running config.status. ##
## ---------------------- ##

This file was extended by APPLgrid config.status 1.6.27, which was
generated by GNU Autoconf 2.71.  Invocation command line was

  CONFIG_FILES    = 
  CONFIG_HEADERS  = 
  CONFIG_LINKS    = 
  CONFIG_COMMANDS = 
  $ ./config.status 

on fedora

config.status:1180: creating bin/Makefile
config.status:1180: creating bin/applgrid-config
config.status:1180: creating Makefile
config.status:1180: creating src/Makefile
config.status:1180: creating amconfig.h
config.status:1409: executing depfiles commands
config.status:1409: executing libtool commands

## ---------------- ##
## Cache variables. ##
## ---------------- ##

ac_cv_build=x86_64-redhat-linux-gnu
ac_cv_c_compiler_gnu=yes
ac_cv_cxx_compiler_gnu=yes
ac_cv_env_CCC_set=
ac_cv_env_CCC_value=
ac_cv_env_CC_set=set
ac_cv_env_CC_value=gcc
ac_cv_env_CFLAGS_set=set
ac_cv_env_CFLAGS_value='-O2 -flto=auto -ffat-lto-objects -fexceptions -g -grecord-gcc-switches -pipe -Wall -Werror=format-security -Wp,-D_FORTIFY_SOURCE=2 -Wp,-D_GLIBCXX_ASSERTIONS -specs=/usr/lib/rpm/redhat/redhat-hardened-cc1 -fstack-protector-strong -specs=/usr/lib/rpm/redhat/redhat-annobin-cc1  -m64  -mtune=generic -fasynchronous-unwind-tables -fstack-clash-protection -fcf-protection'
ac_cv_env_CPPFLAGS_set=
ac_cv_env_CPPFLAGS_value=
ac_cv_env_CXXCPP_set=
ac_cv_env_CXXCPP_value=
ac_cv_env_CXXFLAGS_set=set
ac_cv_env_CXXFLAGS_value='-O2 -flto=auto -ffat-lto-objects -fexceptions -g -grecord-gcc-switches -pipe -Wall -Werror=format-security -Wp,-D_FORTIFY_SOURCE=2 -Wp,-D_GLIBCXX_ASSERTIONS -specs=/usr/lib/rpm/redhat/redhat-hardened-cc1 -fstack-protector-strong -specs=/usr/lib/rpm/redhat/redhat-annobin-cc1  -m64  -mtune=generic -fasynchronous-unwind-tables -fstack-clash-protection -fcf-protection'
ac_cv_env_CXX_set=set
ac_cv_env_CXX_value=g++
ac_cv_env_LDFLAGS_set=set
ac_cv_env_LDFLAGS_value='-Wl,-z,relro -Wl,--as-needed  -Wl,-z,now -specs=/usr/lib/rpm/redhat/redhat-hardened-ld -specs=/usr/lib/rpm/redhat/redhat-annobin-cc1  -Wl,--build-id=sha1 -Wl,-dT,/home/andriish/Projects/HEPrpms/applgrid/1.6.27/rpmbuild/BUILD/applgrid-1.6.27/.package_note-applgrid-1.6.27-3.fc36.x86_64.ld'
ac_cv_env_LIBS_set=
ac_cv_env_LIBS_value=
ac_cv_env_LT_SYS_LIBRARY_PATH_set=set
ac_cv_env_LT_SYS_LIBRARY_PATH_value=/usr/lib64:
ac_cv_env_build_alias_set=set
ac_cv_env_build_alias_value=x86_64-redhat-linux-gnu
ac_cv_env_host_alias_set=set
ac_cv_env_host_alias_value=x86_64-redhat-linux-gnu
ac_cv_env_target_alias_set=
ac_cv_env_target_alias_value=
ac_cv_func_utime_null=yes
ac_cv_header_dlfcn_h=yes
ac_cv_header_inttypes_h=yes
ac_cv_header_stdint_h=yes
ac_cv_header_stdio_h=yes
ac_cv_header_stdlib_h=yes
ac_cv_header_string_h=yes
ac_cv_header_strings_h=yes
ac_cv_header_sys_stat_h=yes
ac_cv_header_sys_types_h=yes
ac_cv_header_unistd_h=yes
ac_cv_header_utime_h=yes
ac_cv_host=x86_64-redhat-linux-gnu
ac_cv_objext=o
ac_cv_path_EGREP='/usr/bin/grep -E'
ac_cv_path_FGREP='/usr/bin/grep -F'
ac_cv_path_GREP=/usr/bin/grep
ac_cv_path_HOPPETPATH=/usr/bin/hoppet-config
ac_cv_path_LHAPDFPATH=/usr/bin/lhapdf-config
ac_cv_path_ROOTPATH=/usr/bin/root
ac_cv_path_SED=/usr/bin/sed
ac_cv_path_install='/usr/bin/install -c'
ac_cv_path_lt_DD=/usr/bin/dd
ac_cv_path_mkdir=/usr/bin/mkdir
ac_cv_prog_AWK=gawk
ac_cv_prog_CC=gcc
ac_cv_prog_CXXCPP='g++ -E'
ac_cv_prog_ac_ct_AR=ar
ac_cv_prog_ac_ct_FILECMD=file
ac_cv_prog_ac_ct_OBJDUMP=objdump
ac_cv_prog_ac_ct_RANLIB=ranlib
ac_cv_prog_ac_ct_STRIP=strip
ac_cv_prog_cc_c11=
ac_cv_prog_cc_g=yes
ac_cv_prog_cc_stdc=
ac_cv_prog_cxx_cxx11=
ac_cv_prog_cxx_g=yes
ac_cv_prog_cxx_stdcxx=
ac_cv_prog_make_make_set=yes
ac_cv_search_gzopen=-lz
am_cv_CC_dependencies_compiler_type=none
am_cv_CXX_dependencies_compiler_type=none
am_cv_make_support_nested_variables=yes
am_cv_prog_cc_c_o=yes
lt_cv_ar_at_file=@
lt_cv_archive_cmds_need_lc=no
lt_cv_deplibs_check_method=pass_all
lt_cv_file_magic_cmd='$MAGIC_CMD'
lt_cv_file_magic_test_file=
lt_cv_ld_reload_flag=-r
lt_cv_nm_interface='BSD nm'
lt_cv_objdir=.libs
lt_cv_path_LD=/usr/bin/ld
lt_cv_path_LDCXX='/usr/bin/ld -m elf_x86_64'
lt_cv_path_NM='/usr/bin/nm -B'
lt_cv_path_mainfest_tool=no
lt_cv_prog_compiler_c_o=yes
lt_cv_prog_compiler_c_o_CXX=yes
lt_cv_prog_compiler_pic='-fPIC -DPIC'
lt_cv_prog_compiler_pic_CXX='-fPIC -DPIC'
lt_cv_prog_compiler_pic_works=yes
lt_cv_prog_compiler_pic_works_CXX=yes
lt_cv_prog_compiler_rtti_exceptions=no
lt_cv_prog_compiler_static_works=no
lt_cv_prog_compiler_static_works_CXX=no
lt_cv_prog_gnu_ld=yes
lt_cv_prog_gnu_ldcxx=yes
lt_cv_sharedlib_from_linklib_cmd='printf %s\n'
lt_cv_shlibpath_overrides_runpath=yes
lt_cv_sys_global_symbol_pipe='/usr/bin/sed -n -e '\''s/^.*[	 ]\([ABCDGIRSTW][ABCDGIRSTW]*\)[	 ][	 ]*\([_A-Za-z][_A-Za-z0-9]*\)$/\1 \2 \2/p'\'' | /usr/bin/sed '\''/ __gnu_lto/d'\'''
lt_cv_sys_global_symbol_to_c_name_address='/usr/bin/sed -n -e '\''s/^: \(.*\) .*$/  {"\1", (void *) 0},/p'\'' -e '\''s/^[ABCDGIRSTW][ABCDGIRSTW]* .* \(.*\)$/  {"\1", (void *) \&\1},/p'\'''
lt_cv_sys_global_symbol_to_c_name_address_lib_prefix='/usr/bin/sed -n -e '\''s/^: \(.*\) .*$/  {"\1", (void *) 0},/p'\'' -e '\''s/^[ABCDGIRSTW][ABCDGIRSTW]* .* \(lib.*\)$/  {"\1", (void *) \&\1},/p'\'' -e '\''s/^[ABCDGIRSTW][ABCDGIRSTW]* .* \(.*\)$/  {"lib\1", (void *) \&\1},/p'\'''
lt_cv_sys_global_symbol_to_cdecl='sed -n -e '\''s/^T .* \(.*\)$/extern int \1();/p'\'' -e '\''s/^[ABCDGIRSTW]* .* \(.*\)$/extern char \1;/p'\'''
lt_cv_sys_global_symbol_to_import=
lt_cv_sys_max_cmd_len=1572864
lt_cv_to_host_file_cmd=func_convert_file_noop
lt_cv_to_tool_file_cmd=func_convert_file_noop
lt_cv_truncate_bin='/usr/bin/dd bs=4096 count=1'

## ----------------- ##
## Output variables. ##
## ----------------- ##

ACLOCAL='${SHELL} '\''/home/andriish/Projects/HEPrpms/applgrid/1.6.27/rpmbuild/BUILD/applgrid-1.6.27/missing'\'' aclocal-1.16'
AMDEPBACKSLASH=''
AMDEP_FALSE=''
AMDEP_TRUE='#'
AMTAR='$${TAR-tar}'
AM_BACKSLASH='\'
AM_DEFAULT_V='$(AM_DEFAULT_VERBOSITY)'
AM_DEFAULT_VERBOSITY='1'
AM_V='$(V)'
AR='ar'
AUTOCONF='${SHELL} '\''/home/andriish/Projects/HEPrpms/applgrid/1.6.27/rpmbuild/BUILD/applgrid-1.6.27/missing'\'' autoconf'
AUTOHEADER='${SHELL} '\''/home/andriish/Projects/HEPrpms/applgrid/1.6.27/rpmbuild/BUILD/applgrid-1.6.27/missing'\'' autoheader'
AUTOMAKE='${SHELL} '\''/home/andriish/Projects/HEPrpms/applgrid/1.6.27/rpmbuild/BUILD/applgrid-1.6.27/missing'\'' automake-1.16'
AWK='gawk'
CC='gcc'
CCDEPMODE='depmode=none'
CFLAGS=' -I/opt/local/include -O2 -flto=auto -ffat-lto-objects -fexceptions -g -grecord-gcc-switches -pipe -Wall -Werror=format-security -Wp,-D_FORTIFY_SOURCE=2 -Wp,-D_GLIBCXX_ASSERTIONS -specs=/usr/lib/rpm/redhat/redhat-hardened-cc1 -fstack-protector-strong -specs=/usr/lib/rpm/redhat/redhat-annobin-cc1  -m64  -mtune=generic -fasynchronous-unwind-tables -fstack-clash-protection -fcf-protection '
CPPFLAGS=''
CSCOPE='cscope'
CTAGS='ctags'
CXX='g++'
CXXCPP='g++ -E'
CXXDEPMODE='depmode=none'
CXXFLAGS=' -I/opt/local/include -O2 -flto=auto -ffat-lto-objects -fexceptions -g -grecord-gcc-switches -pipe -Wall -Werror=format-security -Wp,-D_FORTIFY_SOURCE=2 -Wp,-D_GLIBCXX_ASSERTIONS -specs=/usr/lib/rpm/redhat/redhat-hardened-cc1 -fstack-protector-strong -specs=/usr/lib/rpm/redhat/redhat-annobin-cc1  -m64  -mtune=generic -fasynchronous-unwind-tables -fstack-clash-protection -fcf-protection '
CYGPATH_W='echo'
DEFS='-DHAVE_CONFIG_H'
DEPDIR='.deps'
DLLTOOL='false'
DSYMUTIL=''
DUMPBIN=''
ECHO_C=''
ECHO_N='-n'
ECHO_T=''
EGREP='/usr/bin/grep -E'
ETAGS='etags'
EXEEXT=''
FGREP='/usr/bin/grep -F'
FILECMD='file'
FRTLLIB=' -L/usr/lib/gcc/x86_64-redhat-linux/12 -lgfortran '
GREP='/usr/bin/grep'
HOPPETPATH='/usr/bin/hoppet-config'
HOPPET_CXXFLAGS='-I//usr/include'
HOPPET_LDFLAGS='-L//usr/lib64 -lhoppet_v1'
INSTALL_DATA='${INSTALL} -m 644'
INSTALL_PROGRAM='${INSTALL}'
INSTALL_SCRIPT='${INSTALL}'
INSTALL_STRIP_PROGRAM='$(install_sh) -c -s'
LD='/usr/bin/ld -m elf_x86_64'
LDFLAGS=' -L/opt/local/lib -Wl,-z,relro -Wl,--as-needed  -Wl,-z,now -specs=/usr/lib/rpm/redhat/redhat-hardened-ld -specs=/usr/lib/rpm/redhat/redhat-annobin-cc1  -Wl,--build-id=sha1 -Wl,-dT,/home/andriish/Projects/HEPrpms/applgrid/1.6.27/rpmbuild/BUILD/applgrid-1.6.27/.package_note-applgrid-1.6.27-3.fc36.x86_64.ld -lpthread '
LHAPDFPATH='/usr/bin/lhapdf-config'
LHAPDF_CXXFLAGS='-L/usr/lib64 -lLHAPDF'
LIBOBJS=''
LIBS='-lz '
LIBTOOL='$(SHELL) $(top_builddir)/libtool'
LIPO=''
LN_S='ln -s'
LTLIBOBJS=''
LT_SYS_LIBRARY_PATH='/usr/lib64:'
MAKEINFO='${SHELL} '\''/home/andriish/Projects/HEPrpms/applgrid/1.6.27/rpmbuild/BUILD/applgrid-1.6.27/missing'\'' makeinfo'
MANIFEST_TOOL=':'
MKDIR_P='/usr/bin/mkdir -p'
NM='/usr/bin/nm -B'
NMEDIT=''
OBJDUMP='objdump'
OBJEXT='o'
OTOOL64=''
OTOOL=''
PACKAGE='applgrid'
PACKAGE_BUGREPORT='sutt@cern.ch'
PACKAGE_NAME='APPLgrid'
PACKAGE_STRING='APPLgrid 1.6.27'
PACKAGE_TARNAME='applgrid'
PACKAGE_URL='https://applgrid.hepforge.org'
PACKAGE_VERSION='1.6.27'
PATH_SEPARATOR=':'
RANLIB='ranlib'
ROOTPATH='/usr/bin/root'
ROOT_CXXFLAGS='-pthread -std=c++17 -m64 -I/usr/include/root'
ROOT_LDFLAGS='-m64 -L/usr/lib64/root -lCore -lImt -lRIO -lNet -lHist -lGraf -lGraf3d -lGpad -lROOTVecOps -lTree -lTreePlayer -lRint -lPostscript -lMatrix -lPhysics -lMathCore -lThread -lMultiProc -lROOTDataFrame -pthread -lm -ldl -rdynamic'
SED='/usr/bin/sed'
SET_MAKE=''
SHELL='/bin/sh'
STRIP='strip'
USEROOT='1'
USE_FRTLSO_FALSE='#'
USE_FRTLSO_TRUE=''
USE_HOPPET_FALSE='#'
USE_HOPPET_TRUE=''
USE_LHAPDF_FALSE='#'
USE_LHAPDF_TRUE=''
USE_ROOT_FALSE='#'
USE_ROOT_TRUE=''
VERSION='1.6.27'
ac_ct_AR='ar'
ac_ct_CC=''
ac_ct_CXX=''
ac_ct_DUMPBIN=''
am__EXEEXT_FALSE=''
am__EXEEXT_TRUE='#'
am__fastdepCC_FALSE=''
am__fastdepCC_TRUE='#'
am__fastdepCXX_FALSE=''
am__fastdepCXX_TRUE='#'
am__include='include'
am__isrc=''
am__leading_dot='.'
am__nodep=''
am__quote=''
am__tar='$${TAR-tar} chof - "$$tardir"'
am__untar='$${TAR-tar} xf -'
bindir='/usr/bin'
build='x86_64-redhat-linux-gnu'
build_alias='x86_64-redhat-linux-gnu'
build_cpu='x86_64'
build_os='linux-gnu'
build_vendor='redhat'
datadir='/usr/share'
datarootdir='${prefix}/share'
docdir='${datarootdir}/doc/${PACKAGE_TARNAME}'
dvidir='${docdir}'
exec_prefix='/usr'
host='x86_64-redhat-linux-gnu'
host_alias='x86_64-redhat-linux-gnu'
host_cpu='x86_64'
host_os='linux-gnu'
host_vendor='redhat'
htmldir='${docdir}'
includedir='/usr/include'
infodir='/usr/share/info'
install_sh='${SHELL} /home/andriish/Projects/HEPrpms/applgrid/1.6.27/rpmbuild/BUILD/applgrid-1.6.27/install-sh'
libdir='/usr/lib64'
libexecdir='/usr/libexec'
localedir='${datarootdir}/locale'
localstatedir='/var'
mandir='/usr/share/man'
mkdir_p='$(MKDIR_P)'
oldincludedir='/usr/include'
pdfdir='${docdir}'
prefix='/usr'
program_transform_name='s&^&&'
psdir='${docdir}'
runstatedir='${localstatedir}/run'
sbindir='/usr/sbin'
sharedstatedir='/var/lib'
sysconfdir='/etc'
target_alias=''

## ----------- ##
## confdefs.h. ##
## ----------- ##

/* confdefs.h */
#define PACKAGE_NAME "APPLgrid"
#define PACKAGE_TARNAME "applgrid"
#define PACKAGE_VERSION "1.6.27"
#define PACKAGE_STRING "APPLgrid 1.6.27"
#define PACKAGE_BUGREPORT "sutt@cern.ch"
#define PACKAGE_URL "https://applgrid.hepforge.org"
#define PACKAGE "applgrid"
#define VERSION "1.6.27"
#define HAVE_STDIO_H 1
#define HAVE_STDLIB_H 1
#define HAVE_STRING_H 1
#define HAVE_INTTYPES_H 1
#define HAVE_STDINT_H 1
#define HAVE_STRINGS_H 1
#define HAVE_SYS_STAT_H 1
#define HAVE_SYS_TYPES_H 1
#define HAVE_UNISTD_H 1
#define HAVE_UTIME_H 1
#define STDC_HEADERS 1
#define HAVE_DLFCN_H 1
#define LT_OBJDIR ".libs/"
#define HAVE_UTIME_NULL 1
#define HAVE_CERNROOT 1
#define HAVE_HOPPET 1
#define HAVE_LHAPDF 1
#define LHAPDF_VERSION "6.4.0"

configure: exit 0
